2024-11-14 12:57:53,119 - DEBUG - Este es un mensaje de depuración
2024-11-14 12:57:53,119 - INFO - Este es un mensaje informativo
2024-11-14 12:57:53,123 - WARNING - Este es un mensaje de advertencia
2024-11-14 12:57:53,123 - ERROR - Este es un mensaje de error
2024-11-14 12:57:53,123 - CRITICAL - Este es un mensaje crítico
2024-11-14 12:57:57,269 - DEBUG - Este es un mensaje de depuración
2024-11-14 12:57:57,269 - INFO - Este es un mensaje informativo
2024-11-14 12:57:57,269 - WARNING - Este es un mensaje de advertencia
2024-11-14 12:57:57,269 - ERROR - Este es un mensaje de error
2024-11-14 12:57:57,269 - CRITICAL - Este es un mensaje crítico
2024-11-14 12:58:03,742 - DEBUG - Este es un mensaje de depuración
2024-11-14 12:58:03,742 - INFO - Este es un mensaje informativo
2024-11-14 12:58:03,742 - WARNING - Este es un mensaje de advertencia
2024-11-14 12:58:03,742 - ERROR - Este es un mensaje de error
2024-11-14 12:58:03,742 - CRITICAL - Este es un mensaje crítico
2024-11-14 12:58:24,195 - DEBUG - Este es un mensaje de depuración
2024-11-14 12:58:24,195 - INFO - Este es un mensaje informativo
2024-11-14 12:58:24,195 - WARNING - Este es un mensaje de advertencia
2024-11-14 12:58:24,196 - ERROR - Este es un mensaje de error
2024-11-14 12:58:24,196 - CRITICAL - Este es un mensaje crítico
2024-11-14 12:58:39,105 - DEBUG - Este es un mensaje de depuración
2024-11-14 12:58:39,105 - INFO - Este es un mensaje informativo
2024-11-14 12:58:39,105 - WARNING - Este es un mensaje de advertencia
2024-11-14 12:58:39,105 - ERROR - Este es un mensaje de error
2024-11-14 12:58:39,105 - CRITICAL - Este es un mensaje crítico
2024-11-14 13:01:23,326 - DEBUG - Este es un mensaje de depuración
2024-11-14 13:01:23,326 - INFO - Este es un mensaje informativo
2024-11-14 13:01:23,334 - WARNING - Este es un mensaje de advertencia
2024-11-14 13:01:23,334 - ERROR - Este es un mensaje de error
2024-11-14 13:01:23,334 - CRITICAL - Este es un mensaje crítico
2024-11-14 13:01:34,960 - DEBUG - Este es un mensaje de depuración
2024-11-14 13:01:34,962 - INFO - Este es un mensaje informativo
2024-11-14 13:01:34,962 - WARNING - Este es un mensaje de advertencia
2024-11-14 13:01:34,962 - ERROR - Este es un mensaje de error
2024-11-14 13:01:34,962 - CRITICAL - Este es un mensaje crítico
