2024-11-19 11:58:51,182 - INFO - Cargando interfaz gráfica...
2024-11-19 11:58:58,334 - INFO - Conexión a la base de datos establecida
2024-11-19 11:59:00,312 - INFO - Exportando tablas a CSV...
2024-11-19 11:59:00,348 - INFO - Tablas exportadas correctamente
2024-11-19 11:59:00,348 - INFO - Proceso finalizado correctamente
2024-11-19 12:00:47,880 - INFO - Cargando interfaz gráfica...
2024-11-19 12:00:53,076 - INFO - Conexión a la base de datos establecida
2024-11-19 12:01:01,696 - INFO - Datos guardados: Usuario: test, Tareas: 1, Tareas Completadas: 1, Día: Jueves
2024-11-19 12:01:07,677 - INFO - Exportando tablas a CSV...
2024-11-19 12:01:07,713 - INFO - Tablas exportadas correctamente
2024-11-19 12:01:07,713 - INFO - Proceso finalizado correctamente
2024-11-19 12:01:14,791 - INFO - Cargando interfaz gráfica...
2024-11-19 12:01:16,367 - ERROR - Todos los campos son necesarios.
2024-11-19 12:01:20,198 - ERROR - Todos los campos son necesarios.
2024-11-19 12:01:23,599 - ERROR - Error al crear la base de datos
2024-11-19 12:04:17,730 - INFO - Cargando interfaz gráfica...
2024-11-19 12:04:19,918 - ERROR - Todos los campos son necesarios.
2024-11-19 12:04:22,084 - ERROR - Error al crear la base de datos
2024-11-19 12:05:16,438 - INFO - Cargando interfaz gráfica...
2024-11-19 12:05:19,212 - ERROR - Error al crear la base de datos
2024-11-19 12:05:40,778 - INFO - Cargando interfaz gráfica...
2024-11-19 12:05:43,452 - ERROR - Error al crear la base de datos
2024-11-19 12:06:09,251 - INFO - Cargando interfaz gráfica...
2024-11-19 12:06:12,833 - ERROR - Error al crear la base de datos
2024-11-19 12:06:43,886 - INFO - Cargando interfaz gráfica...
2024-11-19 12:07:43,958 - INFO - Cargando interfaz gráfica...
2024-11-19 12:07:46,558 - ERROR - Error al crear la base de datos
2024-11-19 12:11:03,179 - INFO - Cargando interfaz gráfica...
2024-11-19 12:11:05,979 - ERROR - Error al crear la base de datos
2024-11-19 12:11:42,655 - INFO - Cargando interfaz gráfica...
2024-11-19 12:11:45,416 - ERROR - Error al crear la base de datos
2024-11-19 12:12:45,085 - INFO - Cargando interfaz gráfica...
2024-11-19 12:12:48,033 - ERROR - Error durante la conexión a la base de datos
2024-11-19 12:20:50,993 - INFO - Cargando interfaz gráfica...
2024-11-19 12:20:53,559 - ERROR - Error durante la conexión a la base de datos
2024-11-19 12:21:08,332 - INFO - Cargando interfaz gráfica...
2024-11-19 12:21:10,695 - ERROR - Error durante la conexión a la base de datos
2024-11-19 12:21:26,610 - INFO - Cargando interfaz gráfica...
2024-11-19 12:21:28,954 - ERROR - Error durante la conexión a la base de datos
2024-11-19 12:23:01,705 - INFO - Cargando interfaz gráfica...
2024-11-19 12:23:04,212 - ERROR - Error durante la conexión a la base de datos
2024-11-19 12:23:05,968 - ERROR - Error durante la conexión a la base de datos
2024-11-19 12:23:12,680 - INFO - Cargando interfaz gráfica...
2024-11-19 12:23:16,474 - ERROR - Error durante la conexión a la base de datos
2024-11-19 12:23:19,093 - INFO - Conexión a la base de datos establecida
2024-11-19 12:23:22,306 - INFO - Exportando tablas a CSV...
2024-11-19 12:23:22,352 - INFO - Tablas exportadas correctamente
2024-11-19 12:23:22,352 - INFO - Proceso finalizado correctamente
2024-11-19 12:23:42,971 - INFO - Cargando interfaz gráfica...
2024-11-19 12:24:10,307 - INFO - Cargando interfaz gráfica...
2024-11-19 12:24:13,412 - ERROR - Error durante la conexión a la base de datos
2024-11-19 12:24:46,647 - INFO - Cargando interfaz gráfica...
2024-11-19 12:24:48,811 - ERROR - Error durante la conexión a la base de datos
2024-11-19 12:26:26,403 - INFO - Cargando interfaz gráfica...
2024-11-19 12:26:28,266 - ERROR - Error durante la conexión a la base de datos
2024-11-19 12:26:30,028 - INFO - Cargando interfaz gráfica...
2024-11-19 12:26:34,944 - INFO - Conexión a la base de datos establecida
2024-11-19 12:26:38,365 - INFO - Exportando tablas a CSV...
2024-11-19 12:26:38,410 - INFO - Tablas exportadas correctamente
2024-11-19 12:26:38,410 - INFO - Proceso finalizado correctamente
2024-11-19 12:27:46,196 - INFO - Cargando interfaz gráfica...
2024-11-19 12:27:48,551 - ERROR - Error durante la conexión a la base de datos
2024-11-19 12:27:56,500 - INFO - Cargando interfaz gráfica...
2024-11-19 12:27:58,616 - ERROR - Error durante la conexión a la base de datos
2024-11-19 12:30:34,323 - INFO - Cargando interfaz gráfica...
2024-11-19 12:30:37,546 - ERROR - Error durante la conexión a la base de datos, credenciales incorrectas.
2024-11-19 12:30:44,848 - ERROR - Error durante la conexión a la base de datos, credenciales incorrectas.
2024-11-19 12:30:52,327 - INFO - Conexión a la base de datos establecida
2024-11-19 12:30:57,490 - INFO - Exportando tablas a CSV...
2024-11-19 12:30:57,531 - INFO - Tablas exportadas correctamente
2024-11-19 12:30:57,531 - INFO - Proceso finalizado correctamente
2024-11-19 12:31:03,129 - INFO - Cargando interfaz gráfica...
2024-11-19 12:31:05,746 - ERROR - Error durante la conexión a la base de datos, credenciales incorrectas.
2024-11-19 12:32:01,337 - INFO - Cargando interfaz gráfica...
2024-11-19 12:32:03,279 - ERROR - Error durante la conexión a la base de datos, credenciales incorrectas.
2024-11-19 12:34:00,091 - INFO - Cargando interfaz gráfica...
2024-11-19 12:34:02,230 - ERROR - Error durante la conexión a la base de datos, credenciales incorrectas.
2024-11-19 12:34:50,019 - INFO - Cargando interfaz gráfica...
2024-11-19 12:34:52,399 - ERROR - Error durante la conexión a la base de datos, credenciales incorrectas.
2024-11-19 12:35:25,101 - INFO - Cargando interfaz gráfica...
2024-11-19 12:35:27,098 - ERROR - Error durante la conexión a la base de datos, credenciales incorrectas.
2024-11-19 12:35:51,225 - INFO - Cargando interfaz gráfica...
2024-11-19 12:35:55,022 - ERROR - Error durante la conexión a la base de datos, credenciales incorrectas.
2024-11-19 12:36:26,069 - INFO - Cargando interfaz gráfica...
2024-11-19 12:36:27,484 - ERROR - Error durante la conexión a la base de datos, credenciales incorrectas.
2024-11-19 12:36:44,326 - INFO - Cargando interfaz gráfica...
2024-11-19 12:36:45,936 - ERROR - Error durante la conexión a la base de datos, credenciales incorrectas.
2024-11-19 12:36:53,966 - INFO - Cargando interfaz gráfica...
2024-11-19 12:38:29,480 - INFO - Cargando interfaz gráfica...
2024-11-19 12:38:31,852 - ERROR - Error durante la conexión a la base de datos, credenciales incorrectas.
2024-11-19 12:40:10,626 - INFO - Cargando interfaz gráfica...
2024-11-19 12:40:12,746 - ERROR - Error durante la conexión a la base de datos, credenciales incorrectas.
2024-11-19 12:40:43,710 - INFO - Cargando interfaz gráfica...
2024-11-19 12:41:02,382 - INFO - Cargando interfaz gráfica...
2024-11-19 12:41:34,876 - INFO - Cargando interfaz gráfica...
2024-11-19 12:42:23,494 - INFO - Cargando interfaz gráfica...
2024-11-19 12:42:27,604 - INFO - Cargando interfaz gráfica...
2024-11-19 12:42:44,415 - INFO - Cargando interfaz gráfica...
2024-11-19 12:42:54,753 - ERROR - Error durante la conexión a la base de datos, credenciales incorrectas.
2024-11-19 12:43:10,145 - INFO - Cargando interfaz gráfica...
2024-11-19 12:43:12,802 - ERROR - Error durante la conexión a la base de datos, credenciales incorrectas.
2024-11-19 12:43:53,528 - INFO - Cargando interfaz gráfica...
2024-11-19 12:44:05,527 - INFO - Cargando interfaz gráfica...
2024-11-19 12:44:13,504 - INFO - Cargando interfaz gráfica...
2024-11-19 12:45:01,224 - INFO - Cargando interfaz gráfica...
2024-11-19 12:45:12,279 - ERROR - Error durante la conexión a la base de datos, credenciales incorrectas.
2024-11-19 12:45:58,071 - INFO - Cargando interfaz gráfica...
2024-11-19 12:46:01,767 - ERROR - Error durante la conexión a la base de datos, credenciales incorrectas.
2024-11-19 12:46:32,391 - INFO - Cargando interfaz gráfica...
2024-11-19 12:46:34,352 - ERROR - Credenciales incorrectas.
2024-11-19 12:46:56,326 - INFO - Conexión a la base de datos establecida
2024-11-19 12:47:01,909 - ERROR - Todos los campos son necesarios.
2024-11-19 12:47:06,998 - INFO - Exportando tablas a CSV...
2024-11-19 12:47:07,041 - INFO - Tablas exportadas correctamente
2024-11-19 12:47:07,041 - INFO - Proceso finalizado correctamente
2024-11-19 12:47:15,065 - INFO - Cargando interfaz gráfica...
2024-11-19 12:47:20,084 - INFO - Conexión a la base de datos establecida
2024-11-19 12:47:26,067 - INFO - Exportando tablas a CSV...
2024-11-19 12:47:26,102 - INFO - Tablas exportadas correctamente
2024-11-19 12:47:26,102 - INFO - Proceso finalizado correctamente
2024-11-19 12:47:29,644 - INFO - Cargando interfaz gráfica...
2024-11-19 12:47:33,368 - INFO - Conexión a la base de datos establecida
2024-11-19 12:47:37,417 - INFO - Exportando tablas a CSV...
2024-11-19 12:47:37,461 - INFO - Tablas exportadas correctamente
2024-11-19 12:47:37,461 - INFO - Proceso finalizado correctamente
2024-11-19 12:47:41,533 - INFO - Cargando interfaz gráfica...
2024-11-19 12:47:47,193 - INFO - Conexión a la base de datos establecida
2024-11-19 12:47:50,217 - INFO - Exportando tablas a CSV...
2024-11-19 12:47:50,257 - INFO - Tablas exportadas correctamente
2024-11-19 12:47:50,257 - INFO - Proceso finalizado correctamente
2024-11-19 12:47:55,078 - INFO - Cargando interfaz gráfica...
2024-11-19 12:47:59,198 - INFO - Conexión a la base de datos establecida
2024-11-19 12:48:09,316 - INFO - Exportando tablas a CSV...
2024-11-19 12:48:09,362 - INFO - Tablas exportadas correctamente
2024-11-19 12:48:09,362 - INFO - Proceso finalizado correctamente
2024-11-19 12:49:13,773 - INFO - Cargando interfaz gráfica...
2024-11-19 12:49:18,109 - INFO - Conexión a la base de datos establecida
2024-11-19 12:49:35,248 - INFO - Cargando interfaz gráfica...
2024-11-19 12:49:39,368 - INFO - Conexión a la base de datos establecida
2024-11-19 12:50:12,367 - INFO - Cargando interfaz gráfica...
2024-11-19 12:50:17,418 - INFO - Conexión a la base de datos establecida
2024-11-19 12:50:19,318 - ERROR - Todos los campos son necesarios.
2024-11-19 12:50:22,566 - INFO - Exportando tablas a CSV...
2024-11-19 12:50:22,613 - INFO - Tablas exportadas correctamente
2024-11-19 12:50:22,613 - INFO - Proceso finalizado correctamente
2024-11-19 12:50:28,643 - INFO - Cargando interfaz gráfica...
2024-11-19 12:50:32,652 - INFO - Conexión a la base de datos establecida
2024-11-19 12:50:34,429 - ERROR - Todos los campos son necesarios.
2024-11-19 12:50:47,518 - INFO - Exportando tablas a CSV...
2024-11-19 12:50:47,554 - INFO - Tablas exportadas correctamente
2024-11-19 12:50:47,554 - INFO - Proceso finalizado correctamente
2024-11-19 12:51:41,727 - INFO - Cargando interfaz gráfica...
2024-11-19 12:51:47,695 - INFO - Conexión a la base de datos establecida
2024-11-19 12:51:58,478 - ERROR - Todos los campos son necesarios.
2024-11-19 12:52:06,493 - INFO - Exportando tablas a CSV...
2024-11-19 12:52:06,528 - INFO - Tablas exportadas correctamente
2024-11-19 12:52:06,528 - INFO - Proceso finalizado correctamente
2024-11-19 12:52:23,320 - INFO - Cargando interfaz gráfica...
2024-11-19 12:52:32,580 - INFO - Conexión a la base de datos establecida
2024-11-19 12:52:42,678 - INFO - Datos guardados: Usuario: p, Tareas: p, Tareas Completadas: p, Día: Lunes
2024-11-19 12:52:46,505 - INFO - Exportando tablas a CSV...
2024-11-19 12:52:46,545 - INFO - Tablas exportadas correctamente
2024-11-19 12:52:46,545 - INFO - Proceso finalizado correctamente
2024-11-19 12:54:48,127 - INFO - Cargando interfaz gráfica...
2024-11-19 12:54:53,153 - INFO - Conexión a la base de datos establecida
2024-11-19 12:54:55,914 - INFO - Exportando tablas a CSV...
2024-11-19 12:54:55,948 - INFO - Tablas exportadas correctamente
2024-11-19 12:54:55,948 - INFO - Proceso finalizado correctamente
2024-11-19 12:55:34,579 - INFO - Cargando interfaz gráfica...
2024-11-19 12:55:39,124 - INFO - Conexión a la base de datos establecida
2024-11-19 12:55:45,379 - INFO - Exportando tablas a CSV...
2024-11-19 12:55:45,419 - INFO - Tablas exportadas correctamente
2024-11-19 12:55:45,419 - INFO - Proceso finalizado correctamente
2024-11-19 12:55:53,101 - INFO - Cargando interfaz gráfica...
2024-11-19 12:55:55,209 - ERROR - Todos los campos son necesarios.
2024-11-19 12:55:59,130 - ERROR - Todos los campos son necesarios.
2024-11-19 12:56:18,032 - INFO - Cargando interfaz gráfica...
2024-11-19 12:57:01,572 - INFO - Cargando interfaz gráfica...
2024-11-19 12:57:03,286 - ERROR - Todos los campos son necesarios.
2024-11-19 12:57:05,097 - ERROR - Credenciales incorrectas.
2024-11-19 12:57:18,345 - INFO - Cargando interfaz gráfica...
2024-11-19 12:57:19,645 - ERROR - Todos los campos son necesarios.
2024-11-19 12:57:20,636 - ERROR - Credenciales incorrectas.
2024-11-19 12:57:27,014 - INFO - Conexión a la base de datos establecida
2024-11-19 12:57:29,543 - ERROR - Todos los campos son necesarios.
2024-11-19 12:57:30,983 - INFO - Exportando tablas a CSV...
2024-11-19 12:57:31,023 - INFO - Tablas exportadas correctamente
2024-11-19 12:57:31,023 - INFO - Proceso finalizado correctamente
2024-11-19 12:58:03,546 - INFO - Cargando interfaz gráfica...
2024-11-19 12:58:08,670 - ERROR - Todos los campos son necesarios.
2024-11-19 12:58:10,886 - INFO - Conexión a la base de datos establecida
2024-11-19 12:58:49,171 - INFO - Datos guardados: Usuario: p, Tareas: p, Tareas Completadas: p, Día: Martes
2024-11-19 12:58:54,506 - INFO - Exportando tablas a CSV...
2024-11-19 12:58:54,540 - INFO - Tablas exportadas correctamente
2024-11-19 12:58:54,540 - INFO - Proceso finalizado correctamente
2024-11-19 12:59:58,163 - INFO - Cargando interfaz gráfica...
2024-11-19 13:00:02,235 - INFO - Conexión a la base de datos establecida
2024-11-19 13:00:06,723 - INFO - Datos guardados: Usuario: p, Tareas: p, Tareas Completadas: p, Día: Lunes
2024-11-19 13:00:15,729 - INFO - Exportando tablas a CSV...
2024-11-19 13:00:15,765 - INFO - Tablas exportadas correctamente
2024-11-19 13:00:15,765 - INFO - Proceso finalizado correctamente
2024-11-19 13:02:32,515 - INFO - Cargando interfaz gráfica...
2024-11-19 13:02:36,711 - INFO - Conexión a la base de datos establecida
2024-11-19 13:02:53,810 - INFO - Datos guardados: Usuario: pelayo, Tareas: 10, Tareas Completadas: 10, Día: Martes
2024-11-19 13:02:57,886 - INFO - Exportando tablas a CSV...
2024-11-19 13:02:57,923 - INFO - Tablas exportadas correctamente
2024-11-19 13:02:57,923 - INFO - Proceso finalizado correctamente
2024-11-19 13:04:12,748 - INFO - Cargando interfaz gráfica...
2024-11-19 13:04:19,034 - INFO - Conexión a la base de datos establecida
2024-11-19 13:04:34,509 - INFO - Cargando interfaz gráfica...
2024-11-19 13:04:38,955 - INFO - Conexión a la base de datos establecida
2024-11-19 13:04:40,267 - INFO - Exportando tablas a CSV...
2024-11-19 13:04:40,307 - INFO - Tablas exportadas correctamente
2024-11-19 13:04:40,307 - INFO - Proceso finalizado correctamente
2024-11-19 13:04:56,202 - INFO - Cargando interfaz gráfica...
2024-11-19 13:05:00,050 - INFO - Conexión a la base de datos establecida
2024-11-19 13:05:02,136 - ERROR - Todos los campos son necesarios.
2024-11-19 13:05:04,225 - INFO - Exportando tablas a CSV...
2024-11-19 13:05:04,257 - INFO - Tablas exportadas correctamente
2024-11-19 13:05:04,257 - INFO - Proceso finalizado correctamente
2024-11-19 13:05:13,911 - INFO - Cargando interfaz gráfica...
2024-11-19 13:05:17,465 - INFO - Conexión a la base de datos establecida
2024-11-19 13:05:23,999 - ERROR - Todos los campos son necesarios.
2024-11-19 13:05:25,134 - INFO - Exportando tablas a CSV...
2024-11-19 13:05:25,169 - INFO - Tablas exportadas correctamente
2024-11-19 13:05:25,169 - INFO - Proceso finalizado correctamente
2024-11-19 13:07:18,055 - INFO - Cargando interfaz gráfica...
2024-11-19 13:07:22,404 - INFO - Conexión a la base de datos establecida
2024-11-19 13:07:27,783 - INFO - Exportando tablas a CSV...
2024-11-19 13:07:27,823 - INFO - Tablas exportadas correctamente
2024-11-19 13:07:27,823 - INFO - Proceso finalizado correctamente
2024-11-19 13:08:22,455 - INFO - Cargando interfaz gráfica...
2024-11-19 13:08:25,969 - INFO - Conexión a la base de datos establecida
2024-11-19 13:08:56,623 - INFO - Datos guardados: Usuario: p, Tareas: 1, Tareas Completadas: 1, Día: Lunes
2024-11-19 13:08:59,214 - INFO - Datos guardados: Usuario: p, Tareas: 1, Tareas Completadas: 1, Día: Lunes
2024-11-19 13:09:02,930 - INFO - Exportando tablas a CSV...
2024-11-19 13:09:02,969 - INFO - Tablas exportadas correctamente
2024-11-19 13:09:02,969 - INFO - Proceso finalizado correctamente
2024-11-19 13:11:24,847 - INFO - Cargando interfaz gráfica...
2024-11-19 13:11:28,731 - INFO - Conexión a la base de datos establecida
2024-11-19 13:11:36,668 - INFO - Datos guardados: Usuario: p, Tareas: 1, Tareas Completadas: 1, Día: Lunes
2024-11-19 13:11:37,249 - INFO - Datos guardados: Usuario: p, Tareas: 1, Tareas Completadas: 1, Día: Lunes
2024-11-19 13:11:44,441 - INFO - Exportando tablas a CSV...
2024-11-19 13:11:44,474 - INFO - Tablas exportadas correctamente
2024-11-19 13:11:44,475 - INFO - Proceso finalizado correctamente
2024-11-19 13:30:48,208 - INFO - Cargando interfaz gráfica...
2024-11-19 13:30:53,803 - INFO - Conexión a la base de datos establecida
2024-11-19 13:30:59,455 - INFO - Exportando tablas a CSV...
2024-11-19 13:30:59,494 - INFO - Tablas exportadas correctamente
2024-11-19 13:30:59,494 - INFO - Proceso finalizado correctamente
2024-11-19 13:40:05,088 - INFO - Cargando interfaz gráfica...
2024-11-19 13:40:09,650 - INFO - Conexión a la base de datos establecida
2024-11-19 13:40:14,376 - INFO - Datos guardados: Usuario: p, Tareas: 9, Tareas Completadas: 0, Día: Martes
2024-11-19 13:40:16,371 - INFO - Exportando tablas a CSV...
2024-11-19 13:40:16,408 - INFO - Tablas exportadas correctamente
2024-11-19 13:40:16,409 - INFO - Proceso finalizado correctamente
2024-11-19 13:44:38,556 - INFO - Cargando interfaz gráfica...
2024-11-19 13:44:48,060 - INFO - Conexión a la base de datos establecida
2024-11-19 13:45:02,654 - INFO - Datos guardados: Usuario: pelayo, Tareas: 12, Tareas Completadas: 6, Día: Lunes
2024-11-19 13:45:39,980 - INFO - Exportando tablas a CSV...
2024-11-19 13:45:40,017 - INFO - Tablas exportadas correctamente
2024-11-19 13:45:40,017 - INFO - Proceso finalizado correctamente
2024-11-19 13:56:36,401 - INFO - Cargando interfaz gráfica...
2024-11-19 13:56:42,750 - INFO - Cargando interfaz gráfica...
2024-11-19 13:56:47,577 - INFO - Conexión a la base de datos establecida
2024-11-19 13:56:50,992 - INFO - Exportando tablas a CSV...
2024-11-19 14:00:19,812 - INFO - Cargando interfaz gráfica...
2024-11-19 14:00:29,794 - INFO - Conexión a la base de datos establecida
2024-11-19 14:00:57,565 - INFO - Datos guardados: Usuario: ER64, Tareas: 12, Tareas Completadas: 8, Día: Martes
2024-11-19 14:01:05,739 - ERROR - Todos los campos son necesarios.
2024-11-19 14:01:14,001 - INFO - Exportando tablas a CSV...
2024-11-19 14:01:14,034 - INFO - Tablas exportadas correctamente
2024-11-19 14:01:14,034 - INFO - Proceso finalizado correctamente
2024-11-19 14:01:16,001 - INFO - Cargando interfaz gráfica...
2024-11-19 14:01:16,918 - ERROR - Todos los campos son necesarios.
2024-11-19 14:01:29,665 - INFO - Conexión a la base de datos establecida
2024-11-19 14:01:40,507 - ERROR - Todos los campos son necesarios.
2024-11-19 14:01:47,874 - INFO - Exportando tablas a CSV...
2024-11-19 14:01:47,909 - INFO - Tablas exportadas correctamente
2024-11-19 14:01:47,910 - INFO - Proceso finalizado correctamente
2024-11-19 14:24:59,432 - INFO - Cargando interfaz gráfica...
2024-11-19 14:25:06,078 - INFO - Conexión a la base de datos establecida
2024-11-19 14:25:17,091 - INFO - Datos guardados: Usuario: p, Tareas: 1, Tareas Completadas: 1, Día: Lunes
2024-11-19 14:25:19,959 - INFO - Datos guardados: Usuario: p, Tareas: 1, Tareas Completadas: 1, Día: Lunes
2024-11-19 14:25:29,812 - INFO - Exportando tablas a CSV...
2024-11-19 14:25:29,846 - INFO - Tablas exportadas correctamente
2024-11-19 14:25:29,847 - INFO - Proceso finalizado correctamente
2024-11-20 13:47:14,586 - INFO - Cargando interfaz gráfica...
2024-11-20 13:47:18,553 - INFO - Conexión a la base de datos establecida
2024-11-20 13:47:45,063 - INFO - Datos guardados: Usuario: pelayo, Tareas: 1, Tareas Completadas: 1, Día: Lunes
2024-11-20 13:47:55,988 - INFO - Datos guardados: Usuario: pelayo, Tareas: 1, Tareas Completadas: 1, Día: Lunes
2024-11-20 13:47:56,112 - INFO - Datos guardados: Usuario: pelayo, Tareas: 1, Tareas Completadas: 1, Día: Lunes
2024-11-20 13:47:56,248 - INFO - Datos guardados: Usuario: pelayo, Tareas: 1, Tareas Completadas: 1, Día: Lunes
2024-11-20 13:47:56,379 - INFO - Datos guardados: Usuario: pelayo, Tareas: 1, Tareas Completadas: 1, Día: Lunes
2024-11-20 13:47:56,483 - INFO - Datos guardados: Usuario: pelayo, Tareas: 1, Tareas Completadas: 1, Día: Lunes
2024-11-20 13:48:12,426 - INFO - Exportando tablas a CSV...
2024-11-20 13:48:12,494 - INFO - Tablas exportadas correctamente
2024-11-20 13:48:12,495 - INFO - Proceso finalizado correctamente
2024-11-20 13:49:37,803 - INFO - Cargando interfaz gráfica...
2024-11-20 13:49:41,494 - INFO - Conexión a la base de datos establecida
2024-11-20 13:49:45,276 - INFO - Datos guardados: Usuario: p, Tareas: 5, Tareas Completadas: 5, Día: Lunes
2024-11-20 13:49:53,308 - INFO - Exportando tablas a CSV...
2024-11-20 13:49:53,455 - INFO - Tablas exportadas correctamente
2024-11-20 13:49:53,455 - INFO - Proceso finalizado correctamente
2024-11-20 13:52:24,069 - INFO - Cargando interfaz gráfica...
2024-11-20 13:52:28,449 - INFO - Conexión a la base de datos establecida
2024-11-20 13:52:32,454 - INFO - Datos guardados: Usuario: p, Tareas: 4, Tareas Completadas: 4, Día: Lunes
2024-11-20 13:53:01,350 - INFO - Datos guardados: Usuario: p, Tareas: 4, Tareas Completadas: 4, Día: Lunes
2024-11-20 13:53:08,086 - INFO - Datos guardados: Usuario: p, Tareas: 4, Tareas Completadas: 4, Día: Lunes
2024-11-20 13:53:14,104 - INFO - Exportando tablas a CSV...
2024-11-20 13:53:14,148 - INFO - Tablas exportadas correctamente
2024-11-20 13:53:14,148 - INFO - Proceso finalizado correctamente
2024-11-20 14:05:41,303 - INFO - Cargando interfaz gráfica...
2024-11-20 14:05:52,568 - INFO - Conexión a la base de datos establecida
2024-11-20 14:05:59,259 - INFO - Datos guardados: Usuario: pelayo, Tareas: 1, Tareas Completadas: 1, Día: Lunes
2024-11-20 14:06:04,510 - INFO - Datos guardados: Usuario: pelayo, Tareas: 1, Tareas Completadas: 1, Día: Lunes
2024-11-20 14:06:20,494 - INFO - Exportando tablas a CSV...
2024-11-20 14:06:20,530 - INFO - Tablas exportadas correctamente
2024-11-20 14:06:20,530 - INFO - Proceso finalizado correctamente
2024-11-20 14:21:00,452 - INFO - Cargando interfaz gráfica...
<<<<<<< HEAD
2024-11-21 10:56:23,001 - INFO - Cargando interfaz gráfica...
2024-11-21 10:56:53,773 - INFO - Base de datos creada
2024-11-21 10:57:11,493 - INFO - Datos guardados: Usuario: nacho, Tareas: 12, Tareas Completadas: 4, Día: Jueves
2024-11-21 10:57:27,875 - INFO - Exportando tablas a CSV...
2024-11-21 10:57:27,993 - INFO - Tablas exportadas correctamente
2024-11-21 10:57:27,996 - INFO - Proceso finalizado correctamente
2024-11-21 10:59:57,792 - INFO - Cargando interfaz gráfica...
=======
<<<<<<< HEAD
2024-11-20 21:18:27,219 - INFO - Cargando interfaz gráfica...
2024-11-20 21:19:22,817 - INFO - Cargando interfaz gráfica...
2024-11-20 21:20:13,876 - ERROR - Credenciales incorrectas.
2024-11-20 21:20:24,123 - ERROR - Credenciales incorrectas.
2024-11-20 21:20:30,005 - ERROR - Credenciales incorrectas.
2024-11-20 21:38:39,760 - INFO - Cargando interfaz gráfica...
2024-11-20 21:38:47,488 - ERROR - Credenciales incorrectas.
2024-11-20 21:38:58,369 - ERROR - Credenciales incorrectas.
2024-11-20 21:38:58,939 - ERROR - Credenciales incorrectas.
2024-11-20 21:39:29,017 - ERROR - Credenciales incorrectas.
2024-11-20 21:39:29,610 - ERROR - Credenciales incorrectas.
2024-11-20 21:39:36,622 - ERROR - Credenciales incorrectas.
2024-11-20 21:40:51,799 - ERROR - Credenciales incorrectas.
2024-11-20 21:40:52,553 - ERROR - Credenciales incorrectas.
2024-11-20 21:40:52,757 - ERROR - Credenciales incorrectas.
2024-11-20 21:41:05,264 - ERROR - Credenciales incorrectas.
2024-11-20 21:41:05,957 - ERROR - Credenciales incorrectas.
2024-11-20 21:41:06,122 - ERROR - Credenciales incorrectas.
2024-11-20 21:41:24,934 - ERROR - Credenciales incorrectas.
2024-11-20 21:41:38,476 - ERROR - Credenciales incorrectas.
2024-11-20 21:41:42,719 - ERROR - Credenciales incorrectas.
2024-11-20 21:42:52,285 - ERROR - Credenciales incorrectas.
2024-11-20 21:42:52,730 - ERROR - Credenciales incorrectas.
2024-11-20 21:42:52,945 - ERROR - Credenciales incorrectas.
2024-11-20 21:42:53,116 - ERROR - Credenciales incorrectas.
2024-11-20 21:44:44,622 - INFO - Cargando interfaz gráfica...
2024-11-20 21:44:55,699 - INFO - Base de datos creada
2024-11-20 21:48:42,143 - INFO - Datos guardados: Usuario: Apolion, Tareas: 3, Tareas Completadas: 2, Día: Miércoles
2024-11-20 21:55:52,652 - INFO - Exportando tablas a CSV...
2024-11-20 21:55:53,609 - INFO - Tablas exportadas correctamente
2024-11-20 21:55:53,609 - INFO - Proceso finalizado correctamente
2024-11-21 18:21:39,102 - INFO - Cargando interfaz gráfica...
2024-11-21 18:21:48,411 - ERROR - Credenciales incorrectas.
2024-11-21 18:21:52,896 - ERROR - Credenciales incorrectas.
2024-11-21 18:21:59,757 - ERROR - Credenciales incorrectas.
2024-11-21 18:22:06,064 - ERROR - Credenciales incorrectas.
2024-11-21 18:22:12,035 - ERROR - Credenciales incorrectas.
2024-11-21 18:22:20,598 - ERROR - Credenciales incorrectas.
2024-11-21 18:22:30,005 - ERROR - Credenciales incorrectas.
2024-11-21 18:22:34,085 - ERROR - Credenciales incorrectas.
2024-11-21 18:22:47,554 - ERROR - Credenciales incorrectas.
2024-11-21 18:24:54,276 - ERROR - Credenciales incorrectas.
2024-11-21 18:25:28,681 - INFO - Conexión a la base de datos establecida
2024-11-21 18:25:38,450 - INFO - Exportando tablas a CSV...
2024-11-21 18:25:38,498 - INFO - Tablas exportadas correctamente
2024-11-21 18:25:38,498 - INFO - Proceso finalizado correctamente
2024-11-21 19:24:22,254 - INFO - Cargando interfaz gráfica...
2024-11-21 19:24:32,580 - INFO - Conexión a la base de datos establecida
2024-11-21 19:24:45,153 - INFO - Datos guardados: Usuario: Apolion, Tareas: 10, Tareas Completadas: 5, Día: Jueves
2024-11-21 19:24:53,122 - INFO - Datos guardados: Usuario: Apolion, Tareas: 2, Tareas Completadas: 2, Día: Miércoles
2024-11-21 19:28:57,507 - INFO - Datos guardados: Usuario: Apolion, Tareas: 2, Tareas Completadas: 2, Día: Miércoles
2024-11-21 19:29:08,457 - INFO - Datos guardados: Usuario: Apolion, Tareas: 8, Tareas Completadas: 4, Día: Martes
2024-11-21 19:29:12,686 - INFO - Exportando tablas a CSV...
2024-11-21 19:29:12,723 - INFO - Tablas exportadas correctamente
2024-11-21 19:29:12,724 - INFO - Proceso finalizado correctamente
=======
2024-11-22 09:03:51,040 - INFO - Cargando interfaz gráfica...
2024-11-22 09:03:55,433 - INFO - Conexión a la base de datos establecida
2024-11-22 09:04:01,281 - INFO - Datos guardados: Usuario: p, Tareas: 9, Tareas Completadas: 9, Día: Lunes
2024-11-22 09:04:06,745 - INFO - Exportando tablas a CSV...
2024-11-22 09:04:06,811 - INFO - Tablas exportadas correctamente
2024-11-22 09:04:06,811 - INFO - Proceso finalizado correctamente
2024-11-22 09:06:45,878 - INFO - Cargando interfaz gráfica...
2024-11-22 09:06:49,744 - INFO - Conexión a la base de datos establecida
2024-11-22 09:06:55,367 - INFO - Datos guardados: Usuario: o, Tareas: 9, Tareas Completadas: 9, Día: Martes
2024-11-22 09:06:59,721 - INFO - Exportando tablas a CSV...
2024-11-22 09:06:59,754 - INFO - Tablas exportadas correctamente
2024-11-22 09:06:59,759 - INFO - Proceso finalizado correctamente
2024-11-22 10:10:17,799 - INFO - Cargando interfaz gráfica...
2024-11-22 12:38:21,334 - INFO - Cargando interfaz gráfica...
2024-11-22 12:38:30,409 - INFO - Conexión a la base de datos establecida
2024-11-22 12:38:39,180 - INFO - Datos guardados: Usuario: pablo, Tareas: 12, Tareas Completadas: 6, Día: Martes
2024-11-22 12:38:41,968 - INFO - Exportando tablas a CSV...
2024-11-22 12:38:42,279 - INFO - Tablas exportadas correctamente
2024-11-22 12:38:42,279 - INFO - Proceso finalizado correctamente
2024-11-22 16:59:19,538 - INFO - Cargando interfaz gráfica...
2024-11-22 17:04:39,733 - INFO - Cargando interfaz gráfica...
>>>>>>> 060f45c2f1f44cbb67ff12bb7412d5c6c01342eb
>>>>>>> d304b1926fb5aff5ec2e697b38b1cb1d73a8e355
2024-11-26 20:01:33,880 - INFO - Cargando interfaz gráfica...
2024-11-27 13:01:34,843 - INFO - Cargando interfaz gráfica...
2024-11-27 13:01:41,533 - INFO - Conexión a la base de datos establecida
2024-11-27 13:01:47,871 - INFO - Datos guardados: Usuario: p, Tareas: 1, Tareas Completadas: 1, Día: Lunes
2024-11-27 13:01:51,501 - INFO - Exportando tablas a CSV...
2024-11-27 13:01:51,668 - INFO - Tablas exportadas correctamente
2024-11-27 13:01:51,669 - INFO - Proceso finalizado correctamente
2024-11-27 13:13:35,657 - INFO - Cargando interfaz gráfica...
2024-12-10 13:04:25,552 - INFO - Cargando interfaz gráfica...
2024-12-10 13:04:29,744 - INFO - Conexión a la base de datos establecida
2024-12-10 13:04:36,026 - INFO - Exportando tablas a CSV...
2024-12-10 13:04:36,110 - INFO - Tablas exportadas correctamente
2024-12-10 13:04:36,111 - INFO - Proceso finalizado correctamente
2024-12-10 13:06:57,276 - INFO - Cargando interfaz gráfica...
2024-12-10 13:07:01,693 - INFO - Cargando interfaz gráfica...
2024-12-10 13:13:00,800 - INFO - Iniciando aplicación web...
2024-12-10 13:13:23,414 - INFO - Iniciando aplicación web...
2024-12-10 13:14:03,122 - INFO - Iniciando aplicación web...
2024-12-10 13:15:21,674 - INFO - Iniciando aplicación web...
2024-12-10 13:15:23,817 - INFO - Iniciando aplicación web...
2024-12-10 13:17:00,068 - INFO - Iniciando aplicación web...
2024-12-10 13:17:02,427 - INFO - Iniciando aplicación web...
2024-12-10 13:18:23,239 - INFO - Iniciando aplicación web...
2024-12-10 13:18:25,409 - INFO - Iniciando aplicación web...
2024-12-10 13:20:48,595 - INFO - Iniciando aplicación web...
2024-12-10 13:20:51,965 - INFO - Iniciando aplicación web...
2024-12-10 13:23:50,722 - INFO - Iniciando aplicación web...
2024-12-10 13:23:52,767 - INFO - Iniciando aplicación web...
2024-12-10 13:24:52,086 - INFO - Iniciando aplicación web...
2024-12-10 13:25:00,920 - INFO - Iniciando aplicación web...
2024-12-10 13:25:02,906 - INFO - Iniciando aplicación web...
2024-12-10 13:28:14,237 - INFO - Iniciando aplicación web...
2024-12-10 13:28:16,387 - INFO - Iniciando aplicación web...
2024-12-10 13:29:15,450 - INFO - Iniciando aplicación web...
2024-12-10 13:29:17,514 - INFO - Iniciando aplicación web...
2024-12-10 13:30:21,434 - INFO - Iniciando aplicación web...
2024-12-10 13:30:23,417 - INFO - Iniciando aplicación web...
2024-12-10 13:31:52,900 - INFO - Iniciando aplicación web...
2024-12-10 13:31:55,158 - INFO - Iniciando aplicación web...
2024-12-10 13:33:08,635 - INFO - Iniciando aplicación web...
2024-12-10 13:33:10,553 - INFO - Iniciando aplicación web...
2024-12-10 13:33:44,668 - INFO - Iniciando aplicación web...
2024-12-10 13:34:00,284 - INFO - Iniciando aplicación web...
2024-12-10 13:34:02,252 - INFO - Iniciando aplicación web...
2024-12-10 13:35:25,997 - INFO - Iniciando aplicación web...
2024-12-10 13:35:27,995 - INFO - Iniciando aplicación web...
2024-12-10 13:36:57,778 - INFO - Iniciando aplicación web...
2024-12-10 13:36:59,685 - INFO - Iniciando aplicación web...
2024-12-10 13:38:09,784 - INFO - Iniciando aplicación web...
2024-12-10 13:38:11,751 - INFO - Iniciando aplicación web...
2024-12-10 13:40:29,286 - INFO - Iniciando aplicación web...
2024-12-10 13:40:31,387 - INFO - Iniciando aplicación web...
2024-12-10 13:41:46,465 - INFO - Iniciando aplicación web...
2024-12-10 13:41:48,680 - INFO - Iniciando aplicación web...
2024-12-10 13:43:08,168 - INFO - Iniciando aplicación web...
2024-12-10 13:43:10,277 - INFO - Iniciando aplicación web...
2024-12-10 13:45:08,160 - INFO - Iniciando aplicación web...
2024-12-10 13:45:10,337 - INFO - Iniciando aplicación web...
2024-12-10 13:45:16,321 - INFO - Iniciando aplicación web...
2024-12-10 13:45:22,320 - INFO - Iniciando aplicación web...
2024-12-10 13:45:30,529 - INFO - Iniciando aplicación web...
2024-12-10 13:45:38,574 - INFO - Iniciando aplicación web...
2024-12-10 13:49:44,932 - INFO - Iniciando aplicación web...
2024-12-10 13:51:59,495 - INFO - Iniciando aplicación web...
2024-12-10 13:51:59,803 - INFO - Iniciando aplicación web...
2024-12-10 13:53:15,336 - INFO - Iniciando aplicación web...
2024-12-10 13:55:11,761 - INFO - Iniciando aplicación web...
2024-12-10 13:56:03,271 - INFO - Iniciando aplicación web...
2024-12-10 13:56:19,366 - INFO - Iniciando aplicación web...
2024-12-10 13:57:32,899 - INFO - Iniciando aplicación web...
2024-12-10 13:58:08,994 - INFO - Iniciando aplicación web...
2024-12-10 13:58:13,378 - INFO - Iniciando aplicación web...
2024-12-10 13:59:37,230 - INFO - Iniciando aplicación web...
2024-12-10 14:03:35,946 - INFO - Iniciando aplicación web...
2024-12-10 14:05:43,249 - INFO - Iniciando aplicación web...
2024-12-10 14:05:43,836 - INFO - Iniciando aplicación web...
2024-12-10 14:08:19,932 - INFO - Iniciando aplicación web...
2024-12-10 14:19:11,086 - INFO - Iniciando aplicación web...
2024-12-10 14:19:11,668 - INFO - Iniciando aplicación web...
2024-12-10 14:21:21,154 - INFO - Iniciando aplicación web...
2024-12-10 14:21:21,740 - INFO - Iniciando aplicación web...
2024-12-10 15:04:16,643 - INFO - Iniciando aplicación web...
2024-12-10 15:04:17,402 - INFO - Iniciando aplicación web...
2024-12-11 00:06:53,965 - INFO - Iniciando aplicación web...
2024-12-11 00:06:55,031 - INFO - Iniciando aplicación web...
2024-12-11 00:21:50,624 - INFO - Iniciando aplicación web...
2024-12-11 00:21:51,390 - INFO - Iniciando aplicación web...
2024-12-11 09:32:33,376 - INFO - Iniciando aplicación web...
2024-12-11 09:32:34,247 - INFO - Iniciando aplicación web...
2024-12-11 10:53:24,820 - INFO - Iniciando aplicación web...
2024-12-11 10:53:25,412 - INFO - Iniciando aplicación web...
2024-12-11 11:01:15,637 - INFO - Iniciando aplicación web...
2024-12-11 11:01:16,231 - INFO - Iniciando aplicación web...
2024-12-11 11:05:57,418 - INFO - Iniciando aplicación web...
2024-12-11 11:05:57,987 - INFO - Iniciando aplicación web...
2024-12-11 11:08:19,748 - INFO - Iniciando aplicación web...
2024-12-11 11:08:24,035 - INFO - Iniciando aplicación web...
2024-12-11 11:08:25,568 - INFO - Iniciando aplicación web...
2024-12-11 11:14:20,570 - INFO - Iniciando aplicación web...
2024-12-11 11:14:22,146 - INFO - Iniciando aplicación web...
2024-12-11 11:18:29,197 - INFO - Iniciando aplicación web...
2024-12-11 11:18:30,741 - INFO - Iniciando aplicación web...
2024-12-11 11:54:51,395 - INFO - Iniciando aplicación web...
2024-12-11 11:54:53,013 - INFO - Iniciando aplicación web...
2024-12-11 12:17:44,960 - INFO - Iniciando aplicación web...
2024-12-11 12:17:46,448 - INFO - Iniciando aplicación web...
2024-12-11 12:30:51,207 - INFO - Iniciando aplicación web...
2024-12-11 12:30:55,682 - INFO - Iniciando aplicación web...
2024-12-11 12:31:00,134 - INFO - Iniciando aplicación web...
2024-12-11 12:31:06,425 - INFO - Iniciando aplicación web...
2024-12-11 12:32:12,714 - INFO - Iniciando aplicación web...
2024-12-11 13:01:09,232 - INFO - Iniciando aplicación web...
2024-12-11 13:01:10,986 - INFO - Iniciando aplicación web...
2024-12-11 13:09:19,017 - INFO - Iniciando aplicación web...
2024-12-11 13:09:21,567 - INFO - Iniciando aplicación web...
2024-12-11 13:09:23,891 - INFO - Iniciando aplicación web...
2024-12-11 13:09:34,232 - INFO - Iniciando aplicación web...
2024-12-11 13:13:42,208 - INFO - Iniciando aplicación web...
2024-12-11 13:13:44,775 - INFO - Iniciando aplicación web...
2024-12-11 13:34:14,918 - INFO - Iniciando aplicación web...
2024-12-11 13:34:19,392 - INFO - Iniciando aplicación web...
2024-12-11 13:34:23,685 - INFO - Iniciando aplicación web...
2024-12-11 13:34:47,728 - INFO - Iniciando aplicación web...
2024-12-11 13:34:49,370 - INFO - Iniciando aplicación web...
2024-12-11 13:36:18,913 - INFO - Iniciando aplicación web...
2024-12-11 13:36:25,217 - INFO - Iniciando aplicación web...
2024-12-11 13:42:31,139 - INFO - Iniciando aplicación web...
2024-12-11 13:42:32,748 - INFO - Iniciando aplicación web...
2024-12-11 13:49:29,684 - INFO - Iniciando aplicación web...
2024-12-11 13:49:31,218 - INFO - Iniciando aplicación web...
2024-12-11 13:51:57,369 - INFO - Iniciando aplicación web...
2024-12-11 13:52:03,727 - INFO - Iniciando aplicación web...
2024-12-11 13:52:13,868 - INFO - Iniciando aplicación web...
2024-12-11 13:52:16,152 - INFO - Iniciando aplicación web...
2024-12-11 13:52:20,593 - INFO - Iniciando aplicación web...
2024-12-11 13:52:30,909 - INFO - Iniciando aplicación web...
2024-12-11 13:52:39,173 - INFO - Iniciando aplicación web...
2024-12-11 13:52:41,462 - INFO - Iniciando aplicación web...
2024-12-11 13:52:45,777 - INFO - Iniciando aplicación web...
2024-12-11 13:52:54,076 - INFO - Iniciando aplicación web...
2024-12-11 13:53:00,273 - INFO - Iniciando aplicación web...
2024-12-11 13:53:04,777 - INFO - Iniciando aplicación web...
2024-12-11 13:53:09,035 - INFO - Iniciando aplicación web...
2024-12-11 13:53:13,389 - INFO - Iniciando aplicación web...
2024-12-11 13:53:19,813 - INFO - Iniciando aplicación web...
2024-12-11 13:53:22,304 - INFO - Iniciando aplicación web...
2024-12-11 13:53:26,568 - INFO - Iniciando aplicación web...
2024-12-11 13:53:32,901 - INFO - Iniciando aplicación web...
2024-12-11 13:53:37,141 - INFO - Iniciando aplicación web...
2024-12-11 13:55:04,586 - INFO - Iniciando aplicación web...
2024-12-11 13:55:06,036 - INFO - Iniciando aplicación web...
2024-12-11 14:02:23,563 - INFO - Iniciando aplicación web...
2024-12-11 14:02:24,996 - INFO - Iniciando aplicación web...
2024-12-11 14:03:16,204 - INFO - Iniciando aplicación web...
2024-12-11 14:03:17,631 - INFO - Iniciando aplicación web...
2024-12-11 14:03:41,885 - INFO - Iniciando aplicación web...
2024-12-11 14:03:46,254 - INFO - Iniciando aplicación web...
2024-12-11 14:05:28,473 - INFO - Iniciando aplicación web...
2024-12-11 14:05:30,007 - INFO - Iniciando aplicación web...
2024-12-11 14:07:39,656 - INFO - Iniciando aplicación web...
2024-12-11 14:16:08,936 - INFO - Iniciando aplicación web...
2024-12-11 14:16:10,534 - INFO - Iniciando aplicación web...
2024-12-11 16:44:22,685 - INFO - Iniciando aplicación web...
2024-12-11 16:44:24,695 - INFO - Iniciando aplicación web...
2024-12-11 16:59:15,981 - INFO - Iniciando aplicación web...
2024-12-11 16:59:18,032 - INFO - Iniciando aplicación web...
